0 info it worked if it ends with ok
1 verbose cli [ 'C:\\Program Files\\nodejs\\node.exe',
1 verbose cli   'C:\\Program Files\\nodejs\\node_modules\\npm\\bin\\npm-cli.js',
1 verbose cli   'run',
1 verbose cli   'watch' ]
2 info using npm@3.10.9
3 info using node@v6.9.2
4 verbose run-script [ 'prewatch', 'watch', 'postwatch' ]
5 info lifecycle ps-npm-build-hammarberg@1.0.0~prewatch: ps-npm-build-hammarberg@1.0.0
6 silly lifecycle ps-npm-build-hammarberg@1.0.0~prewatch: no script for prewatch, continuing
7 info lifecycle ps-npm-build-hammarberg@1.0.0~watch: ps-npm-build-hammarberg@1.0.0
8 verbose lifecycle ps-npm-build-hammarberg@1.0.0~watch: unsafe-perm in lifecycle true
9 verbose lifecycle ps-npm-build-hammarberg@1.0.0~watch: PATH: C:\Program Files\nodejs\node_modules\npm\bin\node-gyp-bin;C:\Users\Alistair\Documents\GitHub\ps-npm-build-hammarberg\node_modules\.bin;C:\ProgramData\Oracle\Java\javapath;C:\Users\Alistair\AppData\Roaming\npm;C:\Program Files\MongoDB\Server\3.4\bin;C:\Program Files\nodejs\;C:\Windows\System32\;C:\Program Files\Git\cmd;C:\WINDOWS\system32\config\systemprofile\.dnx\bin;C:\Program Files\Microsoft DNX\Dnvm\;C:\Program Files\Microsoft SQL Server\130\Tools\Binn\;C:\Program Files (x86)\Skype\Phone\;;C:\Program Files (x86)\Microsoft VS Code\bin;C:\Users\Alistair\AppData\Roaming\npm;C:\Program Files\Heroku\bin
10 verbose lifecycle ps-npm-build-hammarberg@1.0.0~watch: CWD: C:\Users\Alistair\Documents\GitHub\ps-npm-build-hammarberg
11 silly lifecycle ps-npm-build-hammarberg@1.0.0~watch: Args: [ '/d /s /c',
11 silly lifecycle   'npm-run-all --parallel watch:test watch:bundle watch:server watch:browser' ]
12 silly lifecycle ps-npm-build-hammarberg@1.0.0~watch: Returned: code: 1  signal: null
13 info lifecycle ps-npm-build-hammarberg@1.0.0~watch: Failed to exec watch script
14 verbose stack Error: ps-npm-build-hammarberg@1.0.0 watch: `npm-run-all --parallel watch:test watch:bundle watch:server watch:browser`
14 verbose stack Exit status 1
14 verbose stack     at EventEmitter.<anonymous> (C:\Program Files\nodejs\node_modules\npm\lib\utils\lifecycle.js:255:16)
14 verbose stack     at emitTwo (events.js:106:13)
14 verbose stack     at EventEmitter.emit (events.js:191:7)
14 verbose stack     at ChildProcess.<anonymous> (C:\Program Files\nodejs\node_modules\npm\lib\utils\spawn.js:40:14)
14 verbose stack     at emitTwo (events.js:106:13)
14 verbose stack     at ChildProcess.emit (events.js:191:7)
14 verbose stack     at maybeClose (internal/child_process.js:877:16)
14 verbose stack     at Process.ChildProcess._handle.onexit (internal/child_process.js:226:5)
15 verbose pkgid ps-npm-build-hammarberg@1.0.0
16 verbose cwd C:\Users\Alistair\Documents\GitHub\ps-npm-build-hammarberg
17 error Windows_NT 10.0.14393
18 error argv "C:\\Program Files\\nodejs\\node.exe" "C:\\Program Files\\nodejs\\node_modules\\npm\\bin\\npm-cli.js" "run" "watch"
19 error node v6.9.2
20 error npm  v3.10.9
21 error code ELIFECYCLE
22 error ps-npm-build-hammarberg@1.0.0 watch: `npm-run-all --parallel watch:test watch:bundle watch:server watch:browser`
22 error Exit status 1
23 error Failed at the ps-npm-build-hammarberg@1.0.0 watch script 'npm-run-all --parallel watch:test watch:bundle watch:server watch:browser'.
23 error Make sure you have the latest version of node.js and npm installed.
23 error If you do, this is most likely a problem with the ps-npm-build-hammarberg package,
23 error not with npm itself.
23 error Tell the author that this fails on your system:
23 error     npm-run-all --parallel watch:test watch:bundle watch:server watch:browser
23 error You can get information on how to open an issue for this project with:
23 error     npm bugs ps-npm-build-hammarberg
23 error Or if that isn't available, you can get their info via:
23 error     npm owner ls ps-npm-build-hammarberg
23 error There is likely additional logging output above.
24 verbose exit [ 1, true ]
